[INFO] Scanning for projects...
[INFO] 
[INFO] ------------------------< com.restaurant:demo >-------------------------
[INFO] Building project 0.0.1-SNAPSHOT
[INFO]   from pom.xml
[INFO] --------------------------------[ jar ]---------------------------------
[INFO] 
[INFO] --- clean:3.5.0:clean (default-clean) @ demo ---
[INFO] Deleting D:\Uni Work\Uni Work\Year 2 Sem 2\AIML Project\restaurantFinal\RestaurantFinal\demo\target
[INFO] 
[INFO] --- resources:3.3.1:resources (default-resources) @ demo ---
[INFO] Copying 1 resource from src\main\resources to target\classes
[INFO] Copying 1 resource from src\main\resources to target\classes
[INFO] 
[INFO] --- compiler:3.14.1:compile (default-compile) @ demo ---
[INFO] Recompiling the module because of changed source code.
[INFO] Compiling 67 source files with javac [debug parameters release 21] to target\classes
[INFO] /D:/Uni Work/Uni Work/Year 2 Sem 2/AIML Project/restaurantFinal/RestaurantFinal/demo/src/main/java/com/restaurant/demo/Exception/GlobalExceptionHandler.java: D:\Uni Work\Uni Work\Year 2 Sem 2\AIML Project\restaurantFinal\RestaurantFinal\demo\src\main\java\com\restaurant\demo\Exception\GlobalExceptionHandler.java uses or overrides a deprecated API.
[INFO] /D:/Uni Work/Uni Work/Year 2 Sem 2/AIML Project/restaurantFinal/RestaurantFinal/demo/src/main/java/com/restaurant/demo/Exception/GlobalExceptionHandler.java: Recompile with -Xlint:deprecation for details.
[INFO] /D:/Uni Work/Uni Work/Year 2 Sem 2/AIML Project/restaurantFinal/RestaurantFinal/demo/src/main/java/com/restaurant/demo/Controller/RestaurantController.java: D:\Uni Work\Uni Work\Year 2 Sem 2\AIML Project\restaurantFinal\RestaurantFinal\demo\src\main\java\com\restaurant\demo\Controller\RestaurantController.java uses unchecked or unsafe operations.
[INFO] /D:/Uni Work/Uni Work/Year 2 Sem 2/AIML Project/restaurantFinal/RestaurantFinal/demo/src/main/java/com/restaurant/demo/Controller/RestaurantController.java: Recompile with -Xlint:unchecked for details.
[INFO] ------------------------------------------------------------------------
[INFO] BUILD SUCCESS
[INFO] ------------------------------------------------------------------------
[INFO] Total time:  3.769 s
[INFO] Finished at: 2026-04-02T20:05:01+05:30
[INFO] ------------------------------------------------------------------------
